<?xml version="1.0" encoding="UTF-8"?>
<!-- Generated by org.testng.reporters.JUnitReportReporter -->
<testsuite hostname="ZSCHN01LP0090" failures="0" tests="3" name="testScripts.PlaceOrderTest" time="1.862" errors="0" timestamp="2024-02-06T15:03:03 IST" skipped="0">
  <testcase classname="testScripts.PlaceOrderTest" name="addToCartTest" time="0.982"/>
  <testcase classname="testScripts.PlaceOrderTest" name="checkoutTest" time="0.162"/>
  <testcase classname="testScripts.PlaceOrderTest" name="checkoutPageTest" time="0.718"/>
</testsuite> <!-- testScripts.PlaceOrderTest -->
