<?xml version="1.0" encoding="UTF-8"?>
<!-- Generated by org.testng.reporters.JUnitReportReporter -->
<testsuite hostname="ZSCHN01LP0090" failures="0" tests="3" name="testScripts.PlaceOrderTest" time="1.409" errors="0" timestamp="2024-02-15T10:47:19 IST" skipped="0">
  <testcase classname="testScripts.PlaceOrderTest" name="addToCartTest" time="0.772"/>
  <system-out/>
  <testcase classname="testScripts.PlaceOrderTest" name="checkoutTest" time="0.101"/>
  <system-out/>
  <testcase classname="testScripts.PlaceOrderTest" name="checkoutPageTest" time="0.536"/>
  <system-out/>
</testsuite> <!-- testScripts.PlaceOrderTest -->
